[2022-05-26 18:59:10] [error] [C:/Users/Administrator/Desktop/榆林项目/AQI_v2.0/AQI .py - 205 - <module>] 读取excel数据失败,错误原因为
[2022-05-26 18:59:10] [error] [C:/Users/Administrator/Desktop/榆林项目/AQI_v2.0/AQI .py - 206 - <module>] Traceback (most recent call last):
  File "C:/Users/Administrator/Desktop/榆林项目/AQI_v2.0/AQI .py", line 203, in <module>
    input_data = pd.read_excel(input_path, index_col='datetime')
  File "D:\ProgramData\Anaconda3\envs\bc_tf2_torch16\lib\site-packages\pandas\util\_decorators.py", line 311, in wrapper
    return func(*args, **kwargs)
  File "D:\ProgramData\Anaconda3\envs\bc_tf2_torch16\lib\site-packages\pandas\io\excel\_base.py", line 364, in read_excel
    io = ExcelFile(io, storage_options=storage_options, engine=engine)
  File "D:\ProgramData\Anaconda3\envs\bc_tf2_torch16\lib\site-packages\pandas\io\excel\_base.py", line 1233, in __init__
    self._reader = self._engines[engine](self._io, storage_options=storage_options)
  File "D:\ProgramData\Anaconda3\envs\bc_tf2_torch16\lib\site-packages\pandas\io\excel\_openpyxl.py", line 521, in __init__
    import_optional_dependency("openpyxl")
  File "D:\ProgramData\Anaconda3\envs\bc_tf2_torch16\lib\site-packages\pandas\compat\_optional.py", line 118, in import_optional_dependency
    raise ImportError(msg) from None
ImportError: Missing optional dependency 'openpyxl'.  Use pip or conda to install openpyxl.

[2022-05-26 20:04:28] [error] [C:/Users/Administrator/Desktop/榆林项目/AQI_v2.0/AQI .py - 205 - <module>] 读取excel数据失败,错误原因为
[2022-05-26 20:04:28] [error] [C:/Users/Administrator/Desktop/榆林项目/AQI_v2.0/AQI .py - 206 - <module>] Traceback (most recent call last):
  File "C:/Users/Administrator/Desktop/榆林项目/AQI_v2.0/AQI .py", line 203, in <module>
    input_data = pd.read_excel(input_path, index_col='datetime')
  File "D:\ProgramData\Anaconda3\envs\zgl_code\lib\site-packages\pandas\util\_decorators.py", line 311, in wrapper
    return func(*args, **kwargs)
  File "D:\ProgramData\Anaconda3\envs\zgl_code\lib\site-packages\pandas\io\excel\_base.py", line 364, in read_excel
    io = ExcelFile(io, storage_options=storage_options, engine=engine)
  File "D:\ProgramData\Anaconda3\envs\zgl_code\lib\site-packages\pandas\io\excel\_base.py", line 1233, in __init__
    self._reader = self._engines[engine](self._io, storage_options=storage_options)
  File "D:\ProgramData\Anaconda3\envs\zgl_code\lib\site-packages\pandas\io\excel\_openpyxl.py", line 521, in __init__
    import_optional_dependency("openpyxl")
  File "D:\ProgramData\Anaconda3\envs\zgl_code\lib\site-packages\pandas\compat\_optional.py", line 118, in import_optional_dependency
    raise ImportError(msg) from None
ImportError: Missing optional dependency 'openpyxl'.  Use pip or conda to install openpyxl.

[2022-05-26 20:05:10] [error] [C:/Users/Administrator/Desktop/榆林项目/AQI_v2.0/AQI .py - 205 - <module>] 读取excel数据失败,错误原因为
[2022-05-26 20:05:10] [error] [C:/Users/Administrator/Desktop/榆林项目/AQI_v2.0/AQI .py - 206 - <module>] Traceback (most recent call last):
  File "C:/Users/Administrator/Desktop/榆林项目/AQI_v2.0/AQI .py", line 203, in <module>
    input_data = pd.read_excel(input_path, index_col='datetime')
  File "D:\ProgramData\Anaconda3\envs\zgl_code\lib\site-packages\pandas\util\_decorators.py", line 311, in wrapper
    return func(*args, **kwargs)
  File "D:\ProgramData\Anaconda3\envs\zgl_code\lib\site-packages\pandas\io\excel\_base.py", line 364, in read_excel
    io = ExcelFile(io, storage_options=storage_options, engine=engine)
  File "D:\ProgramData\Anaconda3\envs\zgl_code\lib\site-packages\pandas\io\excel\_base.py", line 1233, in __init__
    self._reader = self._engines[engine](self._io, storage_options=storage_options)
  File "D:\ProgramData\Anaconda3\envs\zgl_code\lib\site-packages\pandas\io\excel\_openpyxl.py", line 521, in __init__
    import_optional_dependency("openpyxl")
  File "D:\ProgramData\Anaconda3\envs\zgl_code\lib\site-packages\pandas\compat\_optional.py", line 118, in import_optional_dependency
    raise ImportError(msg) from None
ImportError: Missing optional dependency 'openpyxl'.  Use pip or conda to install openpyxl.

