[2023-11-21 17:51:11] [info] [D:\XJTU\项目\文教园\榆林\AQI_v2.0\AQI_v2.0\AQI .py - 177 - cal_aqi] 当前计算AQI指数为：226.66666666666666
[2023-11-21 17:51:11] [info] [D:\XJTU\项目\文教园\榆林\AQI_v2.0\AQI_v2.0\AQI .py - 198 - cal_aqi_evaluation] 当前计算AQI等级为：重度污染
[2023-11-21 17:51:11] [info] [D:\XJTU\项目\文教园\榆林\AQI_v2.0\AQI_v2.0\AQI .py - 246 - <module>] 计算完毕
[2023-11-21 17:51:11] [info] [D:\XJTU\项目\文教园\榆林\AQI_v2.0\AQI_v2.0\AQI .py - 261 - <module>] 输出完毕
[2023-11-21 17:51:11] [info] [D:\XJTU\项目\文教园\榆林\AQI_v2.0\AQI_v2.0\AQI .py - 220 - <module>] 【第8924时刻】
[2023-11-21 17:51:11] [info] [D:\XJTU\项目\文教园\榆林\AQI_v2.0\AQI_v2.0\AQI .py - 230 - <module>] 输入正常
[2023-11-21 17:51:11] [info] [D:\XJTU\项目\文教园\榆林\AQI_v2.0\AQI_v2.0\AQI .py - 236 - <module>] 计算【第8924时刻】AQI指数及等级
[2023-11-21 17:51:11] [info] [D:\XJTU\项目\文教园\榆林\AQI_v2.0\AQI_v2.0\AQI .py - 177 - cal_aqi] 当前计算AQI指数为：390.0
[2023-11-21 17:51:11] [info] [D:\XJTU\项目\文教园\榆林\AQI_v2.0\AQI_v2.0\AQI .py - 198 - cal_aqi_evaluation] 当前计算AQI等级为：严重污染
[2023-11-21 17:51:11] [info] [D:\XJTU\项目\文教园\榆林\AQI_v2.0\AQI_v2.0\AQI .py - 246 - <module>] 计算完毕
[2023-11-21 17:51:11] [info] [D:\XJTU\项目\文教园\榆林\AQI_v2.0\AQI_v2.0\AQI .py - 261 - <module>] 输出完毕
[2023-11-21 17:51:11] [info] [D:\XJTU\项目\文教园\榆林\AQI_v2.0\AQI_v2.0\AQI .py - 220 - <module>] 【第8925时刻】
[2023-11-21 17:51:11] [info] [D:\XJTU\项目\文教园\榆林\AQI_v2.0\AQI_v2.0\AQI .py - 230 - <module>] 输入正常
[2023-11-21 17:51:11] [info] [D:\XJTU\项目\文教园\榆林\AQI_v2.0\AQI_v2.0\AQI .py - 236 - <module>] 计算【第8925时刻】AQI指数及等级
[2023-11-21 17:51:11] [info] [D:\XJTU\项目\文教园\榆林\AQI_v2.0\AQI_v2.0\AQI .py - 177 - cal_aqi] 当前计算AQI指数为：210.0
[2023-11-21 17:51:11] [info] [D:\XJTU\项目\文教园\榆林\AQI_v2.0\AQI_v2.0\AQI .py - 198 - cal_aqi_evaluation] 当前计算AQI等级为：重度污染
[2023-11-21 17:51:11] [info] [D:\XJTU\项目\文教园\榆林\AQI_v2.0\AQI_v2.0\AQI .py - 246 - <module>] 计算完毕
[2023-11-21 17:51:11] [info] [D:\XJTU\项目\文教园\榆林\AQI_v2.0\AQI_v2.0\AQI .py - 261 - <module>] 输出完毕
[2023-11-21 17:51:11] [info] [D:\XJTU\项目\文教园\榆林\AQI_v2.0\AQI_v2.0\AQI .py - 220 - <module>] 【第8926时刻】
[2023-11-21 17:51:11] [info] [D:\XJTU\项目\文教园\榆林\AQI_v2.0\AQI_v2.0\AQI .py - 230 - <module>] 输入正常
[2023-11-21 17:51:11] [info] [D:\XJTU\项目\文教园\榆林\AQI_v2.0\AQI_v2.0\AQI .py - 236 - <module>] 计算【第8926时刻】AQI指数及等级
[2023-11-21 17:51:11] [info] [D:\XJTU\项目\文教园\榆林\AQI_v2.0\AQI_v2.0\AQI .py - 177 - cal_aqi] 当前计算AQI指数为：263.3333333333333
[2023-11-21 17:51:11] [info] [D:\XJTU\项目\文教园\榆林\AQI_v2.0\AQI_v2.0\AQI .py - 198 - cal_aqi_evaluation] 当前计算AQI等级为：重度污染
[2023-11-21 17:51:11] [info] [D:\XJTU\项目\文教园\榆林\AQI_v2.0\AQI_v2.0\AQI .py - 246 - <module>] 计算完毕
[2023-11-21 17:51:11] [info] [D:\XJTU\项目\文教园\榆林\AQI_v2.0\AQI_v2.0\AQI .py - 261 - <module>] 输出完毕
[2023-11-21 17:51:11] [info] [D:\XJTU\项目\文教园\榆林\AQI_v2.0\AQI_v2.0\AQI .py - 220 - <module>] 【第8927时刻】
[2023-11-21 17:51:11] [info] [D:\XJTU\项目\文教园\榆林\AQI_v2.0\AQI_v2.0\AQI .py - 230 - <module>] 输入正常
[2023-11-21 17:51:11] [info] [D:\XJTU\项目\文教园\榆林\AQI_v2.0\AQI_v2.0\AQI .py - 236 - <module>] 计算【第8927时刻】AQI指数及等级
[2023-11-21 17:51:11] [info] [D:\XJTU\项目\文教园\榆林\AQI_v2.0\AQI_v2.0\AQI .py - 177 - cal_aqi] 当前计算AQI指数为：156.0
[2023-11-21 17:51:11] [info] [D:\XJTU\项目\文教园\榆林\AQI_v2.0\AQI_v2.0\AQI .py - 198 - cal_aqi_evaluation] 当前计算AQI等级为：中度污染
[2023-11-21 17:51:11] [info] [D:\XJTU\项目\文教园\榆林\AQI_v2.0\AQI_v2.0\AQI .py - 246 - <module>] 计算完毕
[2023-11-21 17:51:11] [info] [D:\XJTU\项目\文教园\榆林\AQI_v2.0\AQI_v2.0\AQI .py - 261 - <module>] 输出完毕
[2023-11-21 17:51:11] [info] [D:\XJTU\项目\文教园\榆林\AQI_v2.0\AQI_v2.0\AQI .py - 220 - <module>] 【第8928时刻】
[2023-11-21 17:51:11] [info] [D:\XJTU\项目\文教园\榆林\AQI_v2.0\AQI_v2.0\AQI .py - 230 - <module>] 输入正常
[2023-11-21 17:51:11] [info] [D:\XJTU\项目\文教园\榆林\AQI_v2.0\AQI_v2.0\AQI .py - 236 - <module>] 计算【第8928时刻】AQI指数及等级
[2023-11-21 17:51:11] [info] [D:\XJTU\项目\文教园\榆林\AQI_v2.0\AQI_v2.0\AQI .py - 177 - cal_aqi] 当前计算AQI指数为：486.6666666666667
[2023-11-21 17:51:11] [info] [D:\XJTU\项目\文教园\榆林\AQI_v2.0\AQI_v2.0\AQI .py - 198 - cal_aqi_evaluation] 当前计算AQI等级为：严重污染
[2023-11-21 17:51:11] [info] [D:\XJTU\项目\文教园\榆林\AQI_v2.0\AQI_v2.0\AQI .py - 246 - <module>] 计算完毕
[2023-11-21 17:51:11] [info] [D:\XJTU\项目\文教园\榆林\AQI_v2.0\AQI_v2.0\AQI .py - 261 - <module>] 输出完毕
[2023-11-21 17:51:11] [info] [D:\XJTU\项目\文教园\榆林\AQI_v2.0\AQI_v2.0\AQI .py - 270 - <module>] ----------保存输出数据完毕----------
