INFO:root:第0时刻
INFO:root:输入正常
INFO:root:当前计算AQI指数为：180.0
INFO:root:当前计算AQI等级为：中度污染
INFO:root:计算完毕
INFO:root:输出完毕
INFO:root:第1时刻
INFO:root:输入正常
INFO:root:当前计算AQI指数为：160.0
INFO:root:当前计算AQI等级为：中度污染
INFO:root:计算完毕
INFO:root:输出完毕
INFO:root:----------保存输出数据完毕----------
INFO:root:【第0时刻】
INFO:root:输入正常
INFO:root:当前计算AQI指数为：180.0
INFO:root:当前计算AQI等级为：中度污染
INFO:root:计算完毕
INFO:root:输出完毕
INFO:root:【第1时刻】
INFO:root:输入正常
INFO:root:当前计算AQI指数为：160.0
INFO:root:当前计算AQI等级为：中度污染
INFO:root:计算完毕
INFO:root:输出完毕
ERROR:root:读取excel数据失败,错误原因为[Errno 13] Permission denied: 'output_result/AQI_data.xlsx'
INFO:root:【第0时刻】
INFO:root:输入正常
INFO:root:当前计算AQI指数为：180.0
INFO:root:当前计算AQI等级为：中度污染
INFO:root:计算完毕
INFO:root:输出完毕
INFO:root:【第1时刻】
INFO:root:输入正常
INFO:root:当前计算AQI指数为：160.0
INFO:root:当前计算AQI等级为：中度污染
INFO:root:计算完毕
INFO:root:输出完毕
INFO:root:----------保存输出数据完毕----------
